1556837489140	mozrunner::runner	INFO	Running command: "/Applications/Firefox.app/Contents/MacOS/firefox-bin" "-marionette" "-foreground" "-no-remote" "-profile" "/var/folders/hq/tqc_g0xj615fyswmg1wtw4980000gn/T/rust_mozprofile.umE35oNeppFf"
1556837489640	addons.webextension.screenshots@mozilla.org	WARN	Loading extension 'screenshots@mozilla.org': Reading manifest: Invalid extension permission: mozillaAddons
1556837489640	addons.webextension.screenshots@mozilla.org	WARN	Loading extension 'screenshots@mozilla.org': Reading manifest: Invalid extension permission: resource://pdf.js/
1556837489640	addons.webextension.screenshots@mozilla.org	WARN	Loading extension 'screenshots@mozilla.org': Reading manifest: Invalid extension permission: about:reader*
1556837491099	Marionette	INFO	Listening on port 53744
1556837491189	Marionette	WARN	TLS certificate errors will be ignored for this session
1556837498918	Marionette	INFO	Stopped listening on port 53744
1556837589389	mozrunner::runner	INFO	Running command: "/Applications/Firefox.app/Contents/MacOS/firefox-bin" "-marionette" "-foreground" "-no-remote" "-profile" "/var/folders/hq/tqc_g0xj615fyswmg1wtw4980000gn/T/rust_mozprofile.VQUcOKY6NP6B"
1556837589811	addons.webextension.screenshots@mozilla.org	WARN	Loading extension 'screenshots@mozilla.org': Reading manifest: Invalid extension permission: mozillaAddons
1556837589812	addons.webextension.screenshots@mozilla.org	WARN	Loading extension 'screenshots@mozilla.org': Reading manifest: Invalid extension permission: resource://pdf.js/
1556837589812	addons.webextension.screenshots@mozilla.org	WARN	Loading extension 'screenshots@mozilla.org': Reading manifest: Invalid extension permission: about:reader*
1556837591124	Marionette	INFO	Listening on port 53806
1556837591131	Marionette	WARN	TLS certificate errors will be ignored for this session
console.error: BroadcastService: 
  receivedBroadcastMessage: handler for
  remote-settings/monitor_changes
  threw error:
  Message: Error: Polling for changes failed: NetworkError when attempting to fetch resource..
  Stack:
    remoteSettingsFunction/remoteSettings.pollChanges@resource://services-settings/remote-settings.js:190:13

1556838015202	addons.webextension.<unknown>	WARN	Loading extension 'null': Reading manifest: Error processing permissions.8: Value "debugger" must either: must either [must either [be one of ["clipboardRead", "clipboardWrite", "geolocation", "idle", "notifications"], be one of ["bookmarks"], be one of ["find"], be one of ["history"], be one of ["menus.overrideContext"], be one of ["search"], be one of ["activeTab", "tabs", "tabHide"], be one of ["browserSettings"], be one of ["cookies"], be one of ["downloads", "downloads.open"], be one of ["topSites"], be one of ["webNavigation"], or be one of ["webRequest", "webRequestBlocking"]], be one of ["alarms", "mozillaAddons", "storage", "unlimitedStorage"], be one of ["browsingData"], be one of ["devtools"], be one of ["identity"], be one of ["menus", "contextMenus"], be one of ["pkcs11"], be one of ["geckoProfiler"], be one of ["sessions"], be one of ["contextualIdentities"], be one of ["dns"], be one of ["management"], be one of ["privacy"], be one of ["proxy"], be one of ["nativeMessaging"], be one of ["telemetry"], be one of ["theme"], or match the pattern /^experiments(\.\w+)+$/], or must either [be one of ["<all_urls>"], must either [match the pattern /^(https?|wss?|file|ftp|\*):\/\/(\*|\*\.[^*/]+|[^*/]+)\/.*$/, or match the pattern /^file:\/\/\/.*$/], or match the pattern /^resource:\/\/(\*|\*\.[^*/]+|[^*/]+)\/.*$|^about:/]
1556838015203	addons.webextension.<unknown>	WARN	Loading extension 'null': Reading manifest: Error processing version_name: An unexpected property was found in the WebExtension manifest.
1556838015203	addons.webextension.<unknown>	WARN	Loading extension 'null': Reading manifest: Error processing externally_connectable: An unexpected property was found in the WebExtension manifest.
1556838017159	addons.webextension.{a6fd85ed-e919-4a43-a5af-8da18bda539f}	WARN	Loading extension '{a6fd85ed-e919-4a43-a5af-8da18bda539f}': Reading manifest: Error processing permissions.8: Value "debugger" must either: must either [must either [be one of ["clipboardRead", "clipboardWrite", "geolocation", "idle", "notifications"], be one of ["bookmarks"], be one of ["find"], be one of ["history"], be one of ["menus.overrideContext"], be one of ["search"], be one of ["activeTab", "tabs", "tabHide"], be one of ["browserSettings"], be one of ["cookies"], be one of ["downloads", "downloads.open"], be one of ["topSites"], be one of ["webNavigation"], or be one of ["webRequest", "webRequestBlocking"]], be one of ["alarms", "mozillaAddons", "storage", "unlimitedStorage"], be one of ["browsingData"], be one of ["devtools"], be one of ["identity"], be one of ["menus", "contextMenus"], be one of ["pkcs11"], be one of ["geckoProfiler"], be one of ["sessions"], be one of ["contextualIdentities"], be one of ["dns"], be one of ["management"], be one of ["privacy"], be one of ["proxy"], be one of ["nativeMessaging"], be one of ["telemetry"], be one of ["theme"], or match the pattern /^experiments(\.\w+)+$/], or must either [be one of ["<all_urls>"], must either [match the pattern /^(https?|wss?|file|ftp|\*):\/\/(\*|\*\.[^*/]+|[^*/]+)\/.*$/, or match the pattern /^file:\/\/\/.*$/], or match the pattern /^resource:\/\/(\*|\*\.[^*/]+|[^*/]+)\/.*$|^about:/]
1556838017160	addons.webextension.{a6fd85ed-e919-4a43-a5af-8da18bda539f}	WARN	Loading extension '{a6fd85ed-e919-4a43-a5af-8da18bda539f}': Reading manifest: Error processing version_name: An unexpected property was found in the WebExtension manifest.
1556838017160	addons.webextension.{a6fd85ed-e919-4a43-a5af-8da18bda539f}	WARN	Loading extension '{a6fd85ed-e919-4a43-a5af-8da18bda539f}': Reading manifest: Error processing externally_connectable: An unexpected property was found in the WebExtension manifest.

###!!! [Parent][RunMessage] Error: Channel error: cannot send/recv

JavaScript error: resource://gre/modules/ExtensionUtils.jsm, line 0: Error: Invalid tab ID: 5
JavaScript error: moz-extension://27502ceb-1ab7-4d4c-b6f2-7736028bdd2c/assets/prompt.js, line 1: SyntaxError: redeclaration of let nextPromptResult
JavaScript error: moz-extension://27502ceb-1ab7-4d4c-b6f2-7736028bdd2c/assets/prompt.js, line 1: SyntaxError: redeclaration of let nextPromptResult
JavaScript error: moz-extension://27502ceb-1ab7-4d4c-b6f2-7736028bdd2c/assets/prompt.js, line 1: SyntaxError: redeclaration of let nextPromptResult
Extension error: TypeError: can't access dead object moz-extension://27502ceb-1ab7-4d4c-b6f2-7736028bdd2c/assets/background.js 1
[[Exception stack
@moz-extension://27502ceb-1ab7-4d4c-b6f2-7736028bdd2c/assets/background.js:1:11931
Current stack
applySafeWithoutClone@resource://gre/modules/ExtensionCommon.jsm:541:133
fire@resource://gre/modules/ExtensionChild.jsm:994:28
receiveMessage@resource://gre/modules/ExtensionChild.jsm:997:38
_callHandlers/<@resource://gre/modules/MessageChannel.jsm:876:29
_callHandlers@resource://gre/modules/MessageChannel.jsm:875:14
_handleMessage/deferred.promise<@resource://gre/modules/MessageChannel.jsm:952:7
_handleMessage@resource://gre/modules/MessageChannel.jsm:949:24
receiveMessage/<@resource://gre/modules/MessageChannel.jsm:218:9
receiveMessage@resource://gre/modules/MessageChannel.jsm:211:5
]]
JavaScript error: moz-extension://b0eddab2-521f-ef43-bdb2-a2f912f893f8/background.js, line 12: Error: Could not establish connection. Receiving end does not exist.
JavaScript error: moz-extension://b0eddab2-521f-ef43-bdb2-a2f912f893f8/background.js, line 12: Error: Could not establish connection. Receiving end does not exist.
JavaScript error: moz-extension://b0eddab2-521f-ef43-bdb2-a2f912f893f8/background.js, line 12: Error: Could not establish connection. Receiving end does not exist.
JavaScript error: moz-extension://b0eddab2-521f-ef43-bdb2-a2f912f893f8/background.js, line 12: Error: Could not establish connection. Receiving end does not exist.
JavaScript error: moz-extension://b0eddab2-521f-ef43-bdb2-a2f912f893f8/background.js, line 12: Error: Could not establish connection. Receiving end does not exist.
JavaScript error: moz-extension://b0eddab2-521f-ef43-bdb2-a2f912f893f8/background.js, line 12: Error: Could not establish connection. Receiving end does not exist.
JavaScript error: moz-extension://b0eddab2-521f-ef43-bdb2-a2f912f893f8/background.js, line 12: Error: Could not establish connection. Receiving end does not exist.
JavaScript error: moz-extension://b0eddab2-521f-ef43-bdb2-a2f912f893f8/background.js, line 12: Error: Could not establish connection. Receiving end does not exist.
JavaScript error: moz-extension://b0eddab2-521f-ef43-bdb2-a2f912f893f8/background.js, line 12: Error: Could not establish connection. Receiving end does not exist.
JavaScript error: moz-extension://27502ceb-1ab7-4d4c-b6f2-7736028bdd2c/assets/prompt.js, line 1: SyntaxError: redeclaration of let nextPromptResult
1556947498594	Marionette	INFO	Stopped listening on port 53806
